#
# There is insufficient memory for the Java Runtime Environment to continue.
# Native memory allocation (malloc) failed to allocate 1048576 bytes for AllocateHeap
# Possible reasons:
#   The system is out of physical RAM or swap space
#   In 32 bit mode, the process size limit was hit
# Possible solutions:
#   Reduce memory load on the system
#   Increase physical memory or swap space
#   Check if swap backing store is full
#   Use 64 bit Java on a 64 bit OS
#   Decrease Java heap size (-Xmx/-Xms)
#   Decrease number of Java threads
#   Decrease Java thread stack sizes (-Xss)
#   Set larger code cache with -XX:ReservedCodeCacheSize=
# This output file may be truncated or incomplete.
#
#  Out of Memory Error (memory/allocation.inline.hpp:61), pid=14236, tid=2536
#
# JRE version:  (7.0_60-b19) (build )
# Java VM: Java HotSpot(TM) 64-Bit Server VM (24.60-b09 mixed mode windows-amd64 compressed oops)
# Failed to write core dump. Minidumps are not enabled by default on client versions of Windows
#

---------------  T H R E A D  ---------------

Current thread (0x0000000002c4d800):  JavaThread "Unknown thread" [_thread_in_vm, id=2536, stack(0x0000000002af0000,0x0000000002bf0000)]

Stack: [0x0000000002af0000,0x0000000002bf0000]

---------------  P R O C E S S  ---------------

Java Threads: ( => current thread )

Other Threads:

=>0x0000000002c4d800 (exited) JavaThread "Unknown thread" [_thread_in_vm, id=2536, stack(0x0000000002af0000,0x0000000002bf0000)]

VM state:not at safepoint (normal execution)

VM Mutex/Monitor currently owned by a thread: None

Heap
 PSYoungGen      total 38912K, used 675K [0x00000000eaa80000, 0x00000000ed580000, 0x0000000100000000)
  eden space 33792K, 2% used [0x00000000eaa80000,0x00000000eab28fc8,0x00000000ecb80000)
  from space 5120K, 0% used [0x00000000ed080000,0x00000000ed080000,0x00000000ed580000)
  to   space 5120K, 0% used [0x00000000ecb80000,0x00000000ecb80000,0x00000000ed080000)
 ParOldGen       total 87040K, used 0K [0x00000000c0000000, 0x00000000c5500000, 0x00000000eaa80000)
  object space 87040K, 0% used [0x00000000c0000000,0x00000000c0000000,0x00000000c5500000)
 PSPermGen       total 21504K, used 694K [0x00000000bae00000, 0x00000000bc300000, 0x00000000c0000000)
  object space 21504K, 3% used [0x00000000bae00000,0x00000000baead928,0x00000000bc300000)

Card table byte_map: [0x0000000005f10000,0x0000000006140000] byte_map_base: 0x0000000005939000

Polling page: 0x00000000026c0000

Code Cache  [0x0000000002e50000, 0x00000000030c0000, 0x0000000005e50000)
 total_blobs=38 nmethods=0 adapters=20 free_code_cache=48889Kb largest_free_block=50062528

Compilation events (0 events):
No events

GC Heap History (0 events):
No events

Deoptimization events (0 events):
No events

Internal exceptions (0 events):
No events

Events (10 events):
Event: 0.034 loading class 0x0000000002d96360
Event: 0.034 loading class 0x0000000002d96360 done
Event: 0.034 loading class 0x0000000002d963b0
Event: 0.035 loading class 0x0000000002d963b0 done
Event: 0.035 loading class 0x0000000002d96400
Event: 0.035 loading class 0x0000000002d96400 done
Event: 0.036 loading class 0x0000000002d97160
Event: 0.036 loading class 0x0000000002d97160 done
Event: 0.036 loading class 0x0000000002d96d80
Event: 0.036 loading class 0x0000000002d96d80 done


Dynamic libraries:
0x00007ff68ac60000 - 0x00007ff68ac93000 	C:\Program Files\Java\jdk1.7.0_60\bin\java.exe
0x00007ffdb5120000 - 0x00007ffdb52e1000 	C:\Windows\SYSTEM32\ntdll.dll
0x00007ffdb5050000 - 0x00007ffdb50fd000 	C:\Windows\system32\KERNEL32.DLL
0x00007ffdb1580000 - 0x00007ffdb1768000 	C:\Windows\system32\KERNELBASE.dll
0x00007ffdb47b0000 - 0x00007ffdb4857000 	C:\Windows\system32\ADVAPI32.dll
0x00007ffdb4b80000 - 0x00007ffdb4c1d000 	C:\Windows\system32\msvcrt.dll
0x00007ffdb3020000 - 0x00007ffdb307b000 	C:\Windows\system32\sechost.dll
0x00007ffdb4ec0000 - 0x00007ffdb4fdc000 	C:\Windows\system32\RPCRT4.dll
0x00007ffdb2970000 - 0x00007ffdb2ac6000 	C:\Windows\system32\USER32.dll
0x00007ffdb4c20000 - 0x00007ffdb4da6000 	C:\Windows\system32\GDI32.dll
0x00007ffdabf60000 - 0x00007ffdac1d4000 	C:\Windows\WinSxS\amd64_microsoft.windows.common-controls_6595b64144ccf1df_6.0.10586.494_none_a2d8b04ea53e3145\COMCTL32.dll
0x00007ffdb4860000 - 0x00007ffdb4add000 	C:\Windows\system32\combase.dll
0x00007ffdb1bc0000 - 0x00007ffdb1c2a000 	C:\Windows\system32\bcryptPrimitives.dll
0x00007ffdb28b0000 - 0x00007ffdb28eb000 	C:\Windows\system32\IMM32.DLL
0x0000000073b10000 - 0x0000000073be2000 	C:\Program Files\Java\jdk1.7.0_60\jre\bin\msvcr100.dll
0x0000000073bf0000 - 0x00000000743c2000 	C:\Program Files\Java\jdk1.7.0_60\jre\bin\server\jvm.dll
0x00007ffdb2330000 - 0x00007ffdb2353000 	C:\Windows\system32\WINMM.dll
0x00007ffdb1520000 - 0x00007ffdb154c000 	C:\Windows\system32\WINMMBASE.dll
0x00007ffdb2280000 - 0x00007ffdb22c3000 	C:\Windows\system32\cfgmgr32.dll
0x00007ffdb2fb0000 - 0x00007ffdb2fb8000 	C:\Windows\system32\PSAPI.DLL
0x00007ffdaf540000 - 0x00007ffdaf549000 	C:\Windows\SYSTEM32\WSOCK32.dll
0x00007ffdb2900000 - 0x00007ffdb296b000 	C:\Windows\system32\WS2_32.dll
0x0000000074ea0000 - 0x0000000074eaf000 	C:\Program Files\Java\jdk1.7.0_60\jre\bin\verify.dll
0x0000000074e70000 - 0x0000000074e98000 	C:\Program Files\Java\jdk1.7.0_60\jre\bin\java.dll
0x0000000073af0000 - 0x0000000073b05000 	C:\Program Files\Java\jdk1.7.0_60\jre\bin\zip.dll

VM Arguments:
jvm_args: -Djava.awt.headless=true -Xmx1024M -Dfile.encoding=GBK -Duser.country=CN -Duser.language=zh -Duser.variant 
java_command: com.android.dx.command.Main --dex --force-jumbo --num-threads=4 --multi-dex --output E:\workspace\PhotoSelector\app\build\intermediates\transforms\dex\debug\folders\1000\5\slice_9 E:\workspace\PhotoSelector\app\build\intermediates\transforms\instantRunSlicer\debug\folders\1\5\slice_9
Launcher Type: SUN_STANDARD

Environment Variables:
JAVA_HOME=C:\Program Files\Java\jdk1.7.0_60
CLASSPATH=C:\Program Files\Java\jdk1.7.0_60\lib\dt.jar;C:\Program Files\Java\jdk1.7.0_60\lib\tools.jar
PATH=C:\Windows\system32;C:\Windows;C:\Windows\System32\Wbem;C:\Windows\System32\WindowsPowerShell\v1.0\;C:\Program Files (x86)\NVIDIA Corporation\PhysX\Common;JAVA_HOME\bin;JAVA_HOME\jre\bin;D:\ADT-Bundle\sdk\platform-tools;C:\Program Files (x86)\decomp;4.94066E-324RADLE_HOME\bin;C:\Program Files\Git\bin
USERNAME=AllenIverson
OS=Windows_NT
PROCESSOR_IDENTIFIER=Intel64 Family 6 Model 42 Stepping 7, GenuineIntel



---------------  S Y S T E M  ---------------

OS: Windows 8.1 , 64 bit Build 9600 

CPU:total 4 (2 cores per cpu, 2 threads per core) family 6 model 42 stepping 7, cmov, cx8, fxsr, mmx, sse, sse2, sse3, ssse3, sse4.1, sse4.2, popcnt, avx, aes, ht, tsc, tscinvbit

Memory: 4k page, physical 8364836k(855612k free), swap 8364836k(122412k free)

vm_info: Java HotSpot(TM) 64-Bit Server VM (24.60-b09) for windows-amd64 JRE (1.7.0_60-b19), built on May  7 2014 12:55:18 by "java_re" with unknown MS VC++:1600

time: Thu Aug 04 23:50:25 2016
elapsed time: 0 seconds

