#
# There is insufficient memory for the Java Runtime Environment to continue.
# Native memory allocation (malloc) failed to allocate 32744 bytes for ChunkPool::allocate
# Possible reasons:
#   The system is out of physical RAM or swap space
#   In 32 bit mode, the process size limit was hit
# Possible solutions:
#   Reduce memory load on the system
#   Increase physical memory or swap space
#   Check if swap backing store is full
#   Use 64 bit Java on a 64 bit OS
#   Decrease Java heap size (-Xmx/-Xms)
#   Decrease number of Java threads
#   Decrease Java thread stack sizes (-Xss)
#   Set larger code cache with -XX:ReservedCodeCacheSize=
# This output file may be truncated or incomplete.
#
#  Out of Memory Error (allocation.cpp:211), pid=7068, tid=12780
#
# JRE version: Java(TM) SE Runtime Environment (7.0_60-b19) (build 1.7.0_60-b19)
# Java VM: Java HotSpot(TM) 64-Bit Server VM (24.60-b09 mixed mode windows-amd64 compressed oops)
# Failed to write core dump. Minidumps are not enabled by default on client versions of Windows
#

---------------  T H R E A D  ---------------

Current thread (0x000000000902e000):  JavaThread "C2 CompilerThread0" daemon [_thread_in_native, id=12780, stack(0x000000000a580000,0x000000000a680000)]

Stack: [0x000000000a580000,0x000000000a680000]

Current CompileTask:
C2:    239    1             java.lang.String::charAt (29 bytes)


---------------  P R O C E S S  ---------------

Java Threads: ( => current thread )
  0x000000000903e800 JavaThread "Service Thread" daemon [_thread_blocked, id=14528, stack(0x000000000a780000,0x000000000a880000)]
  0x000000000902f800 JavaThread "C2 CompilerThread1" daemon [_thread_blocked, id=12536, stack(0x000000000a680000,0x000000000a780000)]
=>0x000000000902e000 JavaThread "C2 CompilerThread0" daemon [_thread_in_native, id=12780, stack(0x000000000a580000,0x000000000a680000)]
  0x000000000902d000 JavaThread "Attach Listener" daemon [_thread_blocked, id=15548, stack(0x000000000a480000,0x000000000a580000)]
  0x000000000902a800 JavaThread "Signal Dispatcher" daemon [_thread_blocked, id=16152, stack(0x000000000a380000,0x000000000a480000)]
  0x0000000008fd9000 JavaThread "Finalizer" daemon [_thread_blocked, id=14912, stack(0x000000000a280000,0x000000000a380000)]
  0x0000000008fd5800 JavaThread "Reference Handler" daemon [_thread_blocked, id=15940, stack(0x000000000a180000,0x000000000a280000)]
  0x0000000002edd800 JavaThread "main" [_thread_in_vm, id=12848, stack(0x0000000002f00000,0x0000000003000000)]

Other Threads:
  0x0000000008fd0800 VMThread [stack: 0x000000000a080000,0x000000000a180000] [id=7032]
  0x0000000009049000 WatcherThread [stack: 0x000000000a880000,0x000000000a980000] [id=8600]

VM state:not at safepoint (normal execution)

VM Mutex/Monitor currently owned by a thread: None

Heap
 PSYoungGen      total 38912K, used 675K [0x00000000eaa80000, 0x00000000ed580000, 0x0000000100000000)
  eden space 33792K, 2% used [0x00000000eaa80000,0x00000000eab28fc8,0x00000000ecb80000)
  from space 5120K, 0% used [0x00000000ed080000,0x00000000ed080000,0x00000000ed580000)
  to   space 5120K, 0% used [0x00000000ecb80000,0x00000000ecb80000,0x00000000ed080000)
 ParOldGen       total 87040K, used 0K [0x00000000c0000000, 0x00000000c5500000, 0x00000000eaa80000)
  object space 87040K, 0% used [0x00000000c0000000,0x00000000c0000000,0x00000000c5500000)
 PSPermGen       total 21504K, used 2670K [0x00000000bae00000, 0x00000000bc300000, 0x00000000c0000000)
  object space 21504K, 12% used [0x00000000bae00000,0x00000000bb09baa8,0x00000000bc300000)

Card table byte_map: [0x00000000061f0000,0x0000000006420000] byte_map_base: 0x0000000005c19000

Polling page: 0x0000000003000000

Code Cache  [0x0000000003130000, 0x00000000033a0000, 0x0000000006130000)
 total_blobs=174 nmethods=0 adapters=141 free_code_cache=48769Kb largest_free_block=49938880

Compilation events (1 events):
Event: 0.237 Thread 0x000000000902e000    1             java.lang.String::charAt (29 bytes)

GC Heap History (0 events):
No events

Deoptimization events (0 events):
No events

Internal exceptions (2 events):
Event: 0.077 Thread 0x0000000002edd800 Threw 0x00000000eaa90870 at C:\re\jdk7u60\1081\hotspot\src\share\vm\prims\jni.cpp:3991
Event: 0.190 Thread 0x0000000002edd800 Threw 0x00000000eab16f68 at C:\re\jdk7u60\1081\hotspot\src\share\vm\prims\jvm.cpp:1244

Events (10 events):
Event: 0.237 loading class 0x0000000009014ef0 done
Event: 0.237 loading class 0x0000000003066840
Event: 0.237 loading class 0x0000000003066840 done
Event: 0.237 loading class 0x0000000009014e90
Event: 0.237 loading class 0x0000000009014e90 done
Event: 0.237 loading class 0x0000000009043550
Event: 0.237 loading class 0x0000000009043550 done
Event: 0.237 loading class 0x0000000009014ec0
Event: 0.237 loading class 0x0000000009014ec0 done
Event: 0.238 loading class 0x00000000030291f0


Dynamic libraries:
0x00007ff68ac60000 - 0x00007ff68ac93000 	C:\Program Files\Java\jdk1.7.0_60\bin\java.exe
0x00007ffdb5120000 - 0x00007ffdb52e1000 	C:\Windows\SYSTEM32\ntdll.dll
0x00007ffdb5050000 - 0x00007ffdb50fd000 	C:\Windows\system32\KERNEL32.DLL
0x00007ffdb1580000 - 0x00007ffdb1768000 	C:\Windows\system32\KERNELBASE.dll
0x00007ffdb47b0000 - 0x00007ffdb4857000 	C:\Windows\system32\ADVAPI32.dll
0x00007ffdb4b80000 - 0x00007ffdb4c1d000 	C:\Windows\system32\msvcrt.dll
0x00007ffdb3020000 - 0x00007ffdb307b000 	C:\Windows\system32\sechost.dll
0x00007ffdb4ec0000 - 0x00007ffdb4fdc000 	C:\Windows\system32\RPCRT4.dll
0x00007ffdb2970000 - 0x00007ffdb2ac6000 	C:\Windows\system32\USER32.dll
0x00007ffdb4c20000 - 0x00007ffdb4da6000 	C:\Windows\system32\GDI32.dll
0x00007ffdabf60000 - 0x00007ffdac1d4000 	C:\Windows\WinSxS\amd64_microsoft.windows.common-controls_6595b64144ccf1df_6.0.10586.494_none_a2d8b04ea53e3145\COMCTL32.dll
0x00007ffdb4860000 - 0x00007ffdb4add000 	C:\Windows\system32\combase.dll
0x00007ffdb1bc0000 - 0x00007ffdb1c2a000 	C:\Windows\system32\bcryptPrimitives.dll
0x00007ffdb28b0000 - 0x00007ffdb28eb000 	C:\Windows\system32\IMM32.DLL
0x0000000073b10000 - 0x0000000073be2000 	C:\Program Files\Java\jdk1.7.0_60\jre\bin\msvcr100.dll
0x0000000073bf0000 - 0x00000000743c2000 	C:\Program Files\Java\jdk1.7.0_60\jre\bin\server\jvm.dll
0x00007ffdb2330000 - 0x00007ffdb2353000 	C:\Windows\system32\WINMM.dll
0x00007ffdb1520000 - 0x00007ffdb154c000 	C:\Windows\system32\WINMMBASE.dll
0x00007ffdb2280000 - 0x00007ffdb22c3000 	C:\Windows\system32\cfgmgr32.dll
0x00007ffdb2fb0000 - 0x00007ffdb2fb8000 	C:\Windows\system32\PSAPI.DLL
0x00007ffdaf540000 - 0x00007ffdaf549000 	C:\Windows\SYSTEM32\WSOCK32.dll
0x00007ffdb2900000 - 0x00007ffdb296b000 	C:\Windows\system32\WS2_32.dll
0x0000000074ea0000 - 0x0000000074eaf000 	C:\Program Files\Java\jdk1.7.0_60\jre\bin\verify.dll
0x0000000074e70000 - 0x0000000074e98000 	C:\Program Files\Java\jdk1.7.0_60\jre\bin\java.dll
0x0000000073af0000 - 0x0000000073b05000 	C:\Program Files\Java\jdk1.7.0_60\jre\bin\zip.dll

VM Arguments:
jvm_args: -Djava.awt.headless=true -Xmx1024M -Dfile.encoding=GBK -Duser.country=CN -Duser.language=zh -Duser.variant 
java_command: com.android.dx.command.Main --dex --force-jumbo --num-threads=4 --multi-dex --output E:\workspace\PhotoSelector\app\build\intermediates\transforms\dex\debug\folders\1000\5\slice_9 E:\workspace\PhotoSelector\app\build\intermediates\transforms\instantRunSlicer\debug\folders\1\5\slice_9
Launcher Type: SUN_STANDARD

Environment Variables:
JAVA_HOME=C:\Program Files\Java\jdk1.7.0_60
CLASSPATH=C:\Program Files\Java\jdk1.7.0_60\lib\dt.jar;C:\Program Files\Java\jdk1.7.0_60\lib\tools.jar
PATH=C:\Windows\system32;C:\Windows;C:\Windows\System32\Wbem;C:\Windows\System32\WindowsPowerShell\v1.0\;C:\Program Files (x86)\NVIDIA Corporation\PhysX\Common;JAVA_HOME\bin;JAVA_HOME\jre\bin;D:\ADT-Bundle\sdk\platform-tools;C:\Program Files (x86)\decomp;4.94066E-324RADLE_HOME\bin;C:\Program Files\Git\bin
USERNAME=AllenIverson
OS=Windows_NT
PROCESSOR_IDENTIFIER=Intel64 Family 6 Model 42 Stepping 7, GenuineIntel



---------------  S Y S T E M  ---------------

OS: Windows 8.1 , 64 bit Build 9600 

CPU:total 4 (2 cores per cpu, 2 threads per core) family 6 model 42 stepping 7, cmov, cx8, fxsr, mmx, sse, sse2, sse3, ssse3, sse4.1, sse4.2, popcnt, avx, aes, ht, tsc, tscinvbit

Memory: 4k page, physical 8364836k(766284k free), swap 8364836k(2060k free)

vm_info: Java HotSpot(TM) 64-Bit Server VM (24.60-b09) for windows-amd64 JRE (1.7.0_60-b19), built on May  7 2014 12:55:18 by "java_re" with unknown MS VC++:1600

time: Thu Aug 04 23:51:22 2016
elapsed time: 0 seconds

